0 info it worked if it ends with ok
1 verbose cli [ '/usr/local/bin/node',
1 verbose cli   '/usr/local/bin/npm',
1 verbose cli   'run',
1 verbose cli   'test',
1 verbose cli   '--',
1 verbose cli   '-p',
1 verbose cli   'cfto',
1 verbose cli   '-b',
1 verbose cli   'medium' ]
2 info using npm@3.10.3
3 info using node@v6.4.0
4 verbose run-script [ 'pretest', 'test', 'posttest' ]
5 info lifecycle WebdriverIO-Boilerplate@1.0.0~pretest: WebdriverIO-Boilerplate@1.0.0
6 silly lifecycle WebdriverIO-Boilerplate@1.0.0~pretest: no script for pretest, continuing
7 info lifecycle WebdriverIO-Boilerplate@1.0.0~test: WebdriverIO-Boilerplate@1.0.0
8 verbose lifecycle WebdriverIO-Boilerplate@1.0.0~test: unsafe-perm in lifecycle true
9 verbose lifecycle WebdriverIO-Boilerplate@1.0.0~test: PATH: /usr/local/lib/node_modules/npm/bin/node-gyp-bin:/Users/sku214/MyProjects/WebIO-Shop/WebIO-Shop/node_modules/.bin:/usr/local/bin:/Users/sku214/Installers_Packages/apache-maven-3.3.9/bin:/usr/local/bin:/usr/bin:/bin:/usr/sbin:/sbin
10 verbose lifecycle WebdriverIO-Boilerplate@1.0.0~test: CWD: /Users/sku214/MyProjects/WebIO-Shop/WebIO-Shop
11 silly lifecycle WebdriverIO-Boilerplate@1.0.0~test: Args: [ '-c', 'wdio webdriver.config.js "-p" "cfto" "-b" "medium"' ]
12 silly lifecycle WebdriverIO-Boilerplate@1.0.0~test: Returned: code: 1  signal: null
13 info lifecycle WebdriverIO-Boilerplate@1.0.0~test: Failed to exec test script
14 verbose stack Error: WebdriverIO-Boilerplate@1.0.0 test: `wdio webdriver.config.js "-p" "cfto" "-b" "medium"`
14 verbose stack Exit status 1
14 verbose stack     at EventEmitter.<anonymous> (/usr/local/lib/node_modules/npm/lib/utils/lifecycle.js:242:16)
14 verbose stack     at emitTwo (events.js:106:13)
14 verbose stack     at EventEmitter.emit (events.js:191:7)
14 verbose stack     at ChildProcess.<anonymous> (/usr/local/lib/node_modules/npm/lib/utils/spawn.js:40:14)
14 verbose stack     at emitTwo (events.js:106:13)
14 verbose stack     at ChildProcess.emit (events.js:191:7)
14 verbose stack     at maybeClose (internal/child_process.js:852:16)
14 verbose stack     at Process.ChildProcess._handle.onexit (internal/child_process.js:215:5)
15 verbose pkgid WebdriverIO-Boilerplate@1.0.0
16 verbose cwd /Users/sku214/MyProjects/WebIO-Shop/WebIO-Shop
17 error Darwin 15.6.0
18 error argv "/usr/local/bin/node" "/usr/local/bin/npm" "run" "test" "--" "-p" "cfto" "-b" "medium"
19 error node v6.4.0
20 error npm  v3.10.3
21 error code ELIFECYCLE
22 error WebdriverIO-Boilerplate@1.0.0 test: `wdio webdriver.config.js "-p" "cfto" "-b" "medium"`
22 error Exit status 1
23 error Failed at the WebdriverIO-Boilerplate@1.0.0 test script 'wdio webdriver.config.js "-p" "cfto" "-b" "medium"'.
23 error Make sure you have the latest version of node.js and npm installed.
23 error If you do, this is most likely a problem with the WebdriverIO-Boilerplate package,
23 error not with npm itself.
23 error Tell the author that this fails on your system:
23 error     wdio webdriver.config.js "-p" "cfto" "-b" "medium"
23 error You can get information on how to open an issue for this project with:
23 error     npm bugs WebdriverIO-Boilerplate
23 error Or if that isn't available, you can get their info via:
23 error     npm owner ls WebdriverIO-Boilerplate
23 error There is likely additional logging output above.
24 verbose exit [ 1, true ]
